==================================================
2025-04-06 07:19:26 - User: Budi
==================================================

ALTERNATIF:
[1] Danau Lau Kawar
[2] Gunung Sibayak
[3] Air Terjun Sipiso-Piso
[4] Bukit Gundaling
[5] Air Panas Lau Sidebuk-Debuk

KRITERIA:
[K001] Kendaraan - Bobot: 0.20 - Jenis: benefit
[K002] Biaya Makan - Bobot: 0.15 - Jenis: cost
[K003] Biaya Fasilitas Penginapan - Bobot: 0.15 - Jenis: cost
[K004] Keamanan - Bobot: 0.20 - Jenis: benefit
[K005] Fasilitas Toilet - Bobot: 0.15 - Jenis: benefit
[K006] Fasilitas Parkir - Bobot: 0.15 - Jenis: benefit

NILAI KRITERIA DARI JAWABAN USER:
[K001] Kendaraan: 0
[K002] Biaya Makan: 0
[K003] Biaya Fasilitas Penginapan: 0
[K004] Keamanan: 0
[K005] Fasilitas Toilet: 0
[K006] Fasilitas Parkir: 0

MATRIX KEPUTUSAN AWAL:
ID Alternatif | K001       | K002       | K003       | K004       | K005       | K006       | 
------------------------------------------------------------------------------------------------------------------------
1            | 3.8000     | 3.2750     | 3.2750     | 3.8000     | 3.7250     | 3.7250     | 
2            | 4.3000     | 3.7750     | 3.7750     | 4.3000     | 4.2250     | 4.2250     | 
3            | 4.8000     | 4.2750     | 4.2750     | 4.8000     | 4.7250     | 4.7250     | 
4            | 5.0000     | 4.7750     | 4.7750     | 5.0000     | 5.0000     | 5.0000     | 
5            | 3.3000     | 2.7750     | 2.7750     | 3.3000     | 3.2250     | 3.2250     | 

MATRIX TERNORMALISASI:
ID Alternatif | K001       | K002       | K003       | K004       | K005       | K006       | 
------------------------------------------------------------------------------------------------------------------------
1            | 0.3965     | 0.3813     | 0.3813     | 0.3965     | 0.3938     | 0.3938     | 
2            | 0.4486     | 0.4396     | 0.4396     | 0.4486     | 0.4467     | 0.4467     | 
3            | 0.5008     | 0.4978     | 0.4978     | 0.5008     | 0.4996     | 0.4996     | 
4            | 0.5217     | 0.5560     | 0.5560     | 0.5217     | 0.5287     | 0.5287     | 
5            | 0.3443     | 0.3231     | 0.3231     | 0.3443     | 0.3410     | 0.3410     | 

MATRIX TERNORMALISASI BERBOBOT:
ID Alternatif | K001       | K002       | K003       | K004       | K005       | K006       | 
------------------------------------------------------------------------------------------------------------------------
1            | 0.0793     | 0.0572     | 0.0572     | 0.0793     | 0.0591     | 0.0591     | 
2            | 0.0897     | 0.0659     | 0.0659     | 0.0897     | 0.0670     | 0.0670     | 
3            | 0.1002     | 0.0747     | 0.0747     | 0.1002     | 0.0749     | 0.0749     | 
4            | 0.1043     | 0.0834     | 0.0834     | 0.1043     | 0.0793     | 0.0793     | 
5            | 0.0689     | 0.0485     | 0.0485     | 0.0689     | 0.0511     | 0.0511     | 

SOLUSI IDEAL:
Tipe     | K001       | K002       | K003       | K004       | K005       | K006       | 
------------------------------------------------------------------------------------------------------------------------
Positif  | 0.1043     | 0.0485     | 0.0485     | 0.1043     | 0.0793     | 0.0793     | 
Negatif  | 0.0689     | 0.0834     | 0.0834     | 0.0689     | 0.0511     | 0.0511     | 

JARAK KE SOLUSI IDEAL:
ID Alternatif | Jarak ke Positif | Jarak ke Negatif
------------------------------------------------------------
1            | 0.0472           | 0.0414          
2            | 0.0366           | 0.0445          
3            | 0.0380           | 0.0570          
4            | 0.0494           | 0.0640          
5            | 0.0640           | 0.0494          

NILAI PREFERENSI (SEBELUM NORMALISASI):
ID Alternatif | Nama Wisata | Nilai Preferensi
----------------------------------------------------------------------
3            | Air Terjun Sipiso-Piso         | 0.599671
4            | Bukit Gundaling                | 0.564538
2            | Gunung Sibayak                 | 0.548994
1            | Danau Lau Kawar                | 0.467631
5            | Air Panas Lau Sidebuk-Debuk    | 0.435462

HASIL REKOMENDASI AKHIR:
Peringkat | ID Alternatif | Nama Wisata | Nilai
----------------------------------------------------------------------
1        | 3            | Air Terjun Sipiso-Piso         | 0.599671
2        | 4            | Bukit Gundaling                | 0.564538
3        | 2            | Gunung Sibayak                 | 0.548994

==================================================

==================================================
2025-04-06 07:21:56 - User: Budi
==================================================

ALTERNATIF:
[1] Danau Lau Kawar
[2] Gunung Sibayak
[3] Air Terjun Sipiso-Piso
[4] Bukit Gundaling
[5] Air Panas Lau Sidebuk-Debuk

KRITERIA:
[K001] Kendaraan - Bobot: 0.20 - Jenis: benefit
[K002] Biaya Makan - Bobot: 0.15 - Jenis: cost
[K003] Biaya Fasilitas Penginapan - Bobot: 0.15 - Jenis: cost
[K004] Keamanan - Bobot: 0.20 - Jenis: benefit
[K005] Fasilitas Toilet - Bobot: 0.15 - Jenis: benefit
[K006] Fasilitas Parkir - Bobot: 0.15 - Jenis: benefit

NILAI KRITERIA DARI JAWABAN USER:
[K001] Kendaraan: 5
[K002] Biaya Makan: 5
[K003] Biaya Fasilitas Penginapan: 5
[K004] Keamanan: 5
[K005] Fasilitas Toilet: 5
[K006] Fasilitas Parkir: 5

MATRIX KEPUTUSAN AWAL:
ID Alternatif | K001       | K002       | K003       | K004       | K005       | K006       | 
------------------------------------------------------------------------------------------------------------------------
1            | 4.4000     | 4.1375     | 4.1375     | 4.4000     | 4.3625     | 4.3625     | 
2            | 4.6500     | 4.3875     | 4.3875     | 4.6500     | 4.6125     | 4.6125     | 
3            | 4.9000     | 4.6375     | 4.6375     | 4.9000     | 4.8625     | 4.8625     | 
4            | 5.0000     | 4.8875     | 4.8875     | 5.0000     | 5.0000     | 5.0000     | 
5            | 4.1500     | 3.8875     | 3.8875     | 4.1500     | 4.1125     | 4.1125     | 

MATRIX TERNORMALISASI:
ID Alternatif | K001       | K002       | K003       | K004       | K005       | K006       | 
------------------------------------------------------------------------------------------------------------------------
1            | 0.4249     | 0.4204     | 0.4204     | 0.4249     | 0.4240     | 0.4240     | 
2            | 0.4491     | 0.4458     | 0.4458     | 0.4491     | 0.4483     | 0.4483     | 
3            | 0.4732     | 0.4712     | 0.4712     | 0.4732     | 0.4726     | 0.4726     | 
4            | 0.4829     | 0.4966     | 0.4966     | 0.4829     | 0.4860     | 0.4860     | 
5            | 0.4008     | 0.3950     | 0.3950     | 0.4008     | 0.3997     | 0.3997     | 

MATRIX TERNORMALISASI BERBOBOT:
ID Alternatif | K001       | K002       | K003       | K004       | K005       | K006       | 
------------------------------------------------------------------------------------------------------------------------
1            | 0.0850     | 0.0631     | 0.0631     | 0.0850     | 0.0636     | 0.0636     | 
2            | 0.0898     | 0.0669     | 0.0669     | 0.0898     | 0.0672     | 0.0672     | 
3            | 0.0946     | 0.0707     | 0.0707     | 0.0946     | 0.0709     | 0.0709     | 
4            | 0.0966     | 0.0745     | 0.0745     | 0.0966     | 0.0729     | 0.0729     | 
5            | 0.0802     | 0.0592     | 0.0592     | 0.0802     | 0.0600     | 0.0600     | 

SOLUSI IDEAL:
Tipe     | K001       | K002       | K003       | K004       | K005       | K006       | 
------------------------------------------------------------------------------------------------------------------------
Positif  | 0.0966     | 0.0592     | 0.0592     | 0.0966     | 0.0729     | 0.0729     | 
Negatif  | 0.0802     | 0.0745     | 0.0745     | 0.0802     | 0.0600     | 0.0600     | 

JARAK KE SOLUSI IDEAL:
ID Alternatif | Jarak ke Positif | Jarak ke Negatif
------------------------------------------------------------
1            | 0.0217           | 0.0183          
2            | 0.0165           | 0.0202          
3            | 0.0166           | 0.0262          
4            | 0.0216           | 0.0296          
5            | 0.0296           | 0.0216          

NILAI PREFERENSI (SEBELUM NORMALISASI):
ID Alternatif | Nama Wisata | Nilai Preferensi
----------------------------------------------------------------------
3            | Air Terjun Sipiso-Piso         | 0.611867
4            | Bukit Gundaling                | 0.578349
2            | Gunung Sibayak                 | 0.551085
1            | Danau Lau Kawar                | 0.457480
5            | Air Panas Lau Sidebuk-Debuk    | 0.421651

HASIL REKOMENDASI AKHIR:
Peringkat | ID Alternatif | Nama Wisata | Nilai
----------------------------------------------------------------------
1        | 3            | Air Terjun Sipiso-Piso         | 0.611867
2        | 4            | Bukit Gundaling                | 0.578349
3        | 2            | Gunung Sibayak                 | 0.551085

==================================================

==================================================
2025-04-06 07:24:28 - User: Sari
==================================================

ALTERNATIF:
[1] Danau Lau Kawar
[2] Gunung Sibayak
[3] Air Terjun Sipiso-Piso
[4] Bukit Gundaling
[5] Air Panas Lau Sidebuk-Debuk

KRITERIA:
[K001] Kendaraan - Bobot: 0.20 - Jenis: benefit
[K002] Biaya Makan - Bobot: 0.15 - Jenis: cost
[K003] Biaya Fasilitas Penginapan - Bobot: 0.15 - Jenis: cost
[K004] Keamanan - Bobot: 0.20 - Jenis: benefit
[K005] Fasilitas Toilet - Bobot: 0.15 - Jenis: benefit
[K006] Fasilitas Parkir - Bobot: 0.15 - Jenis: benefit

NILAI KRITERIA DARI JAWABAN USER:
[K001] Kendaraan: 5
[K002] Biaya Makan: 5
[K003] Biaya Fasilitas Penginapan: 5
[K004] Keamanan: 5
[K005] Fasilitas Toilet: 5
[K006] Fasilitas Parkir: 5

MATRIX KEPUTUSAN AWAL:
ID Alternatif | K001       | K002       | K003       | K004       | K005       | K006       | 
------------------------------------------------------------------------------------------------------------------------
1            | 4.4000     | 4.1375     | 4.1375     | 4.4000     | 4.3625     | 4.3625     | 
2            | 4.6500     | 4.3875     | 4.3875     | 4.6500     | 4.6125     | 4.6125     | 
3            | 4.9000     | 4.6375     | 4.6375     | 4.9000     | 4.8625     | 4.8625     | 
4            | 5.0000     | 4.8875     | 4.8875     | 5.0000     | 5.0000     | 5.0000     | 
5            | 4.1500     | 3.8875     | 3.8875     | 4.1500     | 4.1125     | 4.1125     | 

MATRIX TERNORMALISASI:
ID Alternatif | K001       | K002       | K003       | K004       | K005       | K006       | 
------------------------------------------------------------------------------------------------------------------------
1            | 0.4249     | 0.4204     | 0.4204     | 0.4249     | 0.4240     | 0.4240     | 
2            | 0.4491     | 0.4458     | 0.4458     | 0.4491     | 0.4483     | 0.4483     | 
3            | 0.4732     | 0.4712     | 0.4712     | 0.4732     | 0.4726     | 0.4726     | 
4            | 0.4829     | 0.4966     | 0.4966     | 0.4829     | 0.4860     | 0.4860     | 
5            | 0.4008     | 0.3950     | 0.3950     | 0.4008     | 0.3997     | 0.3997     | 

MATRIX TERNORMALISASI BERBOBOT:
ID Alternatif | K001       | K002       | K003       | K004       | K005       | K006       | 
------------------------------------------------------------------------------------------------------------------------
1            | 0.0850     | 0.0631     | 0.0631     | 0.0850     | 0.0636     | 0.0636     | 
2            | 0.0898     | 0.0669     | 0.0669     | 0.0898     | 0.0672     | 0.0672     | 
3            | 0.0946     | 0.0707     | 0.0707     | 0.0946     | 0.0709     | 0.0709     | 
4            | 0.0966     | 0.0745     | 0.0745     | 0.0966     | 0.0729     | 0.0729     | 
5            | 0.0802     | 0.0592     | 0.0592     | 0.0802     | 0.0600     | 0.0600     | 

SOLUSI IDEAL:
Tipe     | K001       | K002       | K003       | K004       | K005       | K006       | 
------------------------------------------------------------------------------------------------------------------------
Positif  | 0.0966     | 0.0592     | 0.0592     | 0.0966     | 0.0729     | 0.0729     | 
Negatif  | 0.0802     | 0.0745     | 0.0745     | 0.0802     | 0.0600     | 0.0600     | 

JARAK KE SOLUSI IDEAL:
ID Alternatif | Jarak ke Positif | Jarak ke Negatif
------------------------------------------------------------
1            | 0.0217           | 0.0183          
2            | 0.0165           | 0.0202          
3            | 0.0166           | 0.0262          
4            | 0.0216           | 0.0296          
5            | 0.0296           | 0.0216          

NILAI PREFERENSI (SEBELUM NORMALISASI):
ID Alternatif | Nama Wisata | Nilai Preferensi
----------------------------------------------------------------------
3            | Air Terjun Sipiso-Piso         | 0.611867
4            | Bukit Gundaling                | 0.578349
2            | Gunung Sibayak                 | 0.551085
1            | Danau Lau Kawar                | 0.457480
5            | Air Panas Lau Sidebuk-Debuk    | 0.421651

HASIL REKOMENDASI AKHIR:
Peringkat | ID Alternatif | Nama Wisata | Nilai
----------------------------------------------------------------------
1        | 3            | Air Terjun Sipiso-Piso         | 0.611867
2        | 4            | Bukit Gundaling                | 0.578349
3        | 2            | Gunung Sibayak                 | 0.551085

==================================================

