==================================================
2025-03-10 05:13:34 - User: Fikri
==================================================

ALTERNATIF:
[1] Danau Lau Kawar
[2] Gunung Sibayak
[3] Air Terjun Sipiso-Piso
[4] Bukit Gundaling
[5] Air Panas Lau Sidebuk-Debuk

KRITERIA:
[K001] Kendaraan - Bobot: 0.20 - Jenis: benefit
[K002] Biaya Makan - Bobot: 0.15 - Jenis: cost
[K003] Biaya Fasilitas Penginapan - Bobot: 0.15 - Jenis: cost
[K004] Keamanan - Bobot: 0.20 - Jenis: benefit
[K005] Fasilitas Toilet - Bobot: 0.15 - Jenis: benefit
[K006] Fasilitas Parkir - Bobot: 0.15 - Jenis: benefit

NILAI KRITERIA DARI JAWABAN USER:
[K001] Kendaraan: 5
[K002] Biaya Makan: 5
[K003] Biaya Fasilitas Penginapan: 5
[K004] Keamanan: 5
[K005] Fasilitas Toilet: 5
[K006] Fasilitas Parkir: 5

MATRIX KEPUTUSAN AWAL:
ID Alternatif | K001       | K002       | K003       | K004       | K005       | K006       | 
------------------------------------------------------------------------------------------------------------------------
1            | 5.0000     | 5.0000     | 5.0000     | 5.0000     | 5.0000     | 5.0000     | 
2            | 5.0000     | 5.0000     | 5.0000     | 5.0000     | 5.0000     | 5.0000     | 
3            | 5.0000     | 5.0000     | 5.0000     | 5.0000     | 5.0000     | 5.0000     | 
4            | 5.0000     | 5.0000     | 5.0000     | 5.0000     | 5.0000     | 5.0000     | 
5            | 5.0000     | 5.0000     | 5.0000     | 5.0000     | 5.0000     | 5.0000     | 

MATRIX TERNORMALISASI:
ID Alternatif | K001       | K002       | K003       | K004       | K005       | K006       | 
------------------------------------------------------------------------------------------------------------------------
1            | 0.4472     | 0.4472     | 0.4472     | 0.4472     | 0.4472     | 0.4472     | 
2            | 0.4472     | 0.4472     | 0.4472     | 0.4472     | 0.4472     | 0.4472     | 
3            | 0.4472     | 0.4472     | 0.4472     | 0.4472     | 0.4472     | 0.4472     | 
4            | 0.4472     | 0.4472     | 0.4472     | 0.4472     | 0.4472     | 0.4472     | 
5            | 0.4472     | 0.4472     | 0.4472     | 0.4472     | 0.4472     | 0.4472     | 

MATRIX TERNORMALISASI BERBOBOT:
ID Alternatif | K001       | K002       | K003       | K004       | K005       | K006       | 
------------------------------------------------------------------------------------------------------------------------
1            | 0.0894     | 0.0671     | 0.0671     | 0.0894     | 0.0671     | 0.0671     | 
2            | 0.0894     | 0.0671     | 0.0671     | 0.0894     | 0.0671     | 0.0671     | 
3            | 0.0894     | 0.0671     | 0.0671     | 0.0894     | 0.0671     | 0.0671     | 
4            | 0.0894     | 0.0671     | 0.0671     | 0.0894     | 0.0671     | 0.0671     | 
5            | 0.0894     | 0.0671     | 0.0671     | 0.0894     | 0.0671     | 0.0671     | 

SOLUSI IDEAL:
Tipe     | K001       | K002       | K003       | K004       | K005       | K006       | 
------------------------------------------------------------------------------------------------------------------------
Positif  | 0.0894     | 0.0671     | 0.0671     | 0.0894     | 0.0671     | 0.0671     | 
Negatif  | 0.0894     | 0.0671     | 0.0671     | 0.0894     | 0.0671     | 0.0671     | 

JARAK KE SOLUSI IDEAL:
ID Alternatif | Jarak ke Positif | Jarak ke Negatif
------------------------------------------------------------
1            | 0.0000           | 0.0000          
2            | 0.0000           | 0.0000          
3            | 0.0000           | 0.0000          
4            | 0.0000           | 0.0000          
5            | 0.0000           | 0.0000          

NILAI PREFERENSI (SEBELUM NORMALISASI):
ID Alternatif | Nama Wisata | Nilai Preferensi
----------------------------------------------------------------------
5            | Air Panas Lau Sidebuk-Debuk    | 1.000000
4            | Bukit Gundaling                | 0.981818
3            | Air Terjun Sipiso-Piso         | 0.963636
2            | Gunung Sibayak                 | 0.945455
1            | Danau Lau Kawar                | 0.927273

HASIL REKOMENDASI AKHIR:
Peringkat | ID Alternatif | Nama Wisata | Nilai
----------------------------------------------------------------------
1        | 5            | Air Panas Lau Sidebuk-Debuk    | 1.000000
2        | 4            | Bukit Gundaling                | 0.981818
3        | 3            | Air Terjun Sipiso-Piso         | 0.963636

==================================================

==================================================
2025-03-10 06:27:48 - User: Andini
==================================================

ALTERNATIF:
[1] Danau Lau Kawar
[2] Gunung Sibayak
[3] Air Terjun Sipiso-Piso
[4] Bukit Gundaling
[5] Air Panas Lau Sidebuk-Debuk

KRITERIA:
[K001] Kendaraan - Bobot: 0.20 - Jenis: benefit
[K002] Biaya Makan - Bobot: 0.15 - Jenis: cost
[K003] Biaya Fasilitas Penginapan - Bobot: 0.15 - Jenis: cost
[K004] Keamanan - Bobot: 0.20 - Jenis: benefit
[K005] Fasilitas Toilet - Bobot: 0.15 - Jenis: benefit
[K006] Fasilitas Parkir - Bobot: 0.15 - Jenis: benefit

NILAI KRITERIA DARI JAWABAN USER:
[K001] Kendaraan: 4.2
[K002] Biaya Makan: 4.4
[K003] Biaya Fasilitas Penginapan: 4.6
[K004] Keamanan: 4.4285714285714
[K005] Fasilitas Toilet: 4.6
[K006] Fasilitas Parkir: 4.6

MATRIX KEPUTUSAN AWAL:
ID Alternatif | K001       | K002       | K003       | K004       | K005       | K006       | 
------------------------------------------------------------------------------------------------------------------------
1            | 4.6900     | 4.7675     | 4.8450     | 4.7786     | 4.8450     | 4.8450     | 
2            | 4.6900     | 4.7675     | 4.8450     | 4.7786     | 4.8450     | 4.8450     | 
3            | 4.6900     | 4.7675     | 4.8450     | 4.7786     | 4.8450     | 4.8450     | 
4            | 4.6900     | 4.7675     | 4.8450     | 4.7786     | 4.8450     | 4.8450     | 
5            | 4.6900     | 4.7675     | 4.8450     | 4.7786     | 4.8450     | 4.8450     | 

MATRIX TERNORMALISASI:
ID Alternatif | K001       | K002       | K003       | K004       | K005       | K006       | 
------------------------------------------------------------------------------------------------------------------------
1            | 0.4472     | 0.4472     | 0.4472     | 0.4472     | 0.4472     | 0.4472     | 
2            | 0.4472     | 0.4472     | 0.4472     | 0.4472     | 0.4472     | 0.4472     | 
3            | 0.4472     | 0.4472     | 0.4472     | 0.4472     | 0.4472     | 0.4472     | 
4            | 0.4472     | 0.4472     | 0.4472     | 0.4472     | 0.4472     | 0.4472     | 
5            | 0.4472     | 0.4472     | 0.4472     | 0.4472     | 0.4472     | 0.4472     | 

MATRIX TERNORMALISASI BERBOBOT:
ID Alternatif | K001       | K002       | K003       | K004       | K005       | K006       | 
------------------------------------------------------------------------------------------------------------------------
1            | 0.0894     | 0.0671     | 0.0671     | 0.0894     | 0.0671     | 0.0671     | 
2            | 0.0894     | 0.0671     | 0.0671     | 0.0894     | 0.0671     | 0.0671     | 
3            | 0.0894     | 0.0671     | 0.0671     | 0.0894     | 0.0671     | 0.0671     | 
4            | 0.0894     | 0.0671     | 0.0671     | 0.0894     | 0.0671     | 0.0671     | 
5            | 0.0894     | 0.0671     | 0.0671     | 0.0894     | 0.0671     | 0.0671     | 

SOLUSI IDEAL:
Tipe     | K001       | K002       | K003       | K004       | K005       | K006       | 
------------------------------------------------------------------------------------------------------------------------
Positif  | 0.0894     | 0.0671     | 0.0671     | 0.0894     | 0.0671     | 0.0671     | 
Negatif  | 0.0894     | 0.0671     | 0.0671     | 0.0894     | 0.0671     | 0.0671     | 

JARAK KE SOLUSI IDEAL:
ID Alternatif | Jarak ke Positif | Jarak ke Negatif
------------------------------------------------------------
1            | 0.0000           | 0.0000          
2            | 0.0000           | 0.0000          
3            | 0.0000           | 0.0000          
4            | 0.0000           | 0.0000          
5            | 0.0000           | 0.0000          

NILAI PREFERENSI (SEBELUM NORMALISASI):
ID Alternatif | Nama Wisata | Nilai Preferensi
----------------------------------------------------------------------
5            | Air Panas Lau Sidebuk-Debuk    | 1.000000
4            | Bukit Gundaling                | 0.981818
3            | Air Terjun Sipiso-Piso         | 0.963636
2            | Gunung Sibayak                 | 0.945455
1            | Danau Lau Kawar                | 0.927273

HASIL REKOMENDASI AKHIR:
Peringkat | ID Alternatif | Nama Wisata | Nilai
----------------------------------------------------------------------
1        | 5            | Air Panas Lau Sidebuk-Debuk    | 1.000000
2        | 4            | Bukit Gundaling                | 0.981818
3        | 3            | Air Terjun Sipiso-Piso         | 0.963636

==================================================

==================================================
2025-03-10 06:43:00 - User: Surya
==================================================

ALTERNATIF:
[1] Danau Lau Kawar
[2] Gunung Sibayak
[3] Air Terjun Sipiso-Piso
[4] Bukit Gundaling
[5] Air Panas Lau Sidebuk-Debuk

KRITERIA:
[K001] Kendaraan - Bobot: 0.20 - Jenis: benefit
[K002] Biaya Makan - Bobot: 0.15 - Jenis: cost
[K003] Biaya Fasilitas Penginapan - Bobot: 0.15 - Jenis: cost
[K004] Keamanan - Bobot: 0.20 - Jenis: benefit
[K005] Fasilitas Toilet - Bobot: 0.15 - Jenis: benefit
[K006] Fasilitas Parkir - Bobot: 0.15 - Jenis: benefit

NILAI KRITERIA DARI JAWABAN USER:
[K001] Kendaraan: 5
[K002] Biaya Makan: 5
[K003] Biaya Fasilitas Penginapan: 5
[K004] Keamanan: 5
[K005] Fasilitas Toilet: 5
[K006] Fasilitas Parkir: 5

MATRIX KEPUTUSAN AWAL:
ID Alternatif | K001       | K002       | K003       | K004       | K005       | K006       | 
------------------------------------------------------------------------------------------------------------------------
1            | 4.7830     | 4.8390     | 4.8950     | 4.8460     | 4.8950     | 4.8950     | 
2            | 4.7830     | 4.8390     | 4.8950     | 4.8460     | 4.8950     | 4.8950     | 
3            | 4.7830     | 4.8390     | 4.8950     | 4.8460     | 4.8950     | 4.8950     | 
4            | 4.7830     | 4.8390     | 4.8950     | 4.8460     | 4.8950     | 4.8950     | 
5            | 4.7830     | 4.8390     | 4.8950     | 4.8460     | 4.8950     | 4.8950     | 

MATRIX TERNORMALISASI:
ID Alternatif | K001       | K002       | K003       | K004       | K005       | K006       | 
------------------------------------------------------------------------------------------------------------------------
1            | 0.4472     | 0.4472     | 0.4472     | 0.4472     | 0.4472     | 0.4472     | 
2            | 0.4472     | 0.4472     | 0.4472     | 0.4472     | 0.4472     | 0.4472     | 
3            | 0.4472     | 0.4472     | 0.4472     | 0.4472     | 0.4472     | 0.4472     | 
4            | 0.4472     | 0.4472     | 0.4472     | 0.4472     | 0.4472     | 0.4472     | 
5            | 0.4472     | 0.4472     | 0.4472     | 0.4472     | 0.4472     | 0.4472     | 

MATRIX TERNORMALISASI BERBOBOT:
ID Alternatif | K001       | K002       | K003       | K004       | K005       | K006       | 
------------------------------------------------------------------------------------------------------------------------
1            | 0.0894     | 0.0671     | 0.0671     | 0.0894     | 0.0671     | 0.0671     | 
2            | 0.0894     | 0.0671     | 0.0671     | 0.0894     | 0.0671     | 0.0671     | 
3            | 0.0894     | 0.0671     | 0.0671     | 0.0894     | 0.0671     | 0.0671     | 
4            | 0.0894     | 0.0671     | 0.0671     | 0.0894     | 0.0671     | 0.0671     | 
5            | 0.0894     | 0.0671     | 0.0671     | 0.0894     | 0.0671     | 0.0671     | 

SOLUSI IDEAL:
Tipe     | K001       | K002       | K003       | K004       | K005       | K006       | 
------------------------------------------------------------------------------------------------------------------------
Positif  | 0.0894     | 0.0671     | 0.0671     | 0.0894     | 0.0671     | 0.0671     | 
Negatif  | 0.0894     | 0.0671     | 0.0671     | 0.0894     | 0.0671     | 0.0671     | 

JARAK KE SOLUSI IDEAL:
ID Alternatif | Jarak ke Positif | Jarak ke Negatif
------------------------------------------------------------
1            | 0.0000           | 0.0000          
2            | 0.0000           | 0.0000          
3            | 0.0000           | 0.0000          
4            | 0.0000           | 0.0000          
5            | 0.0000           | 0.0000          

NILAI PREFERENSI (SEBELUM NORMALISASI):
ID Alternatif | Nama Wisata | Nilai Preferensi
----------------------------------------------------------------------
1            | Danau Lau Kawar                | 1.009000
3            | Air Terjun Sipiso-Piso         | 1.007000
5            | Air Panas Lau Sidebuk-Debuk    | 1.005000
2            | Gunung Sibayak                 | 0.997920
4            | Bukit Gundaling                | 0.995940

HASIL REKOMENDASI AKHIR:
Peringkat | ID Alternatif | Nama Wisata | Nilai
----------------------------------------------------------------------
1        | 1            | Danau Lau Kawar                | 1.009000
2        | 3            | Air Terjun Sipiso-Piso         | 1.007000
3        | 5            | Air Panas Lau Sidebuk-Debuk    | 1.005000

==================================================

==================================================
2025-03-10 06:49:58 - User: Maulana
==================================================

ALTERNATIF:
[1] Danau Lau Kawar
[2] Gunung Sibayak
[3] Air Terjun Sipiso-Piso
[4] Bukit Gundaling
[5] Air Panas Lau Sidebuk-Debuk

KRITERIA:
[K001] Kendaraan - Bobot: 0.20 - Jenis: benefit
[K002] Biaya Makan - Bobot: 0.15 - Jenis: cost
[K003] Biaya Fasilitas Penginapan - Bobot: 0.15 - Jenis: cost
[K004] Keamanan - Bobot: 0.20 - Jenis: benefit
[K005] Fasilitas Toilet - Bobot: 0.15 - Jenis: benefit
[K006] Fasilitas Parkir - Bobot: 0.15 - Jenis: benefit

NILAI KRITERIA DARI JAWABAN USER:
[K001] Kendaraan: 5
[K002] Biaya Makan: 5
[K003] Biaya Fasilitas Penginapan: 5
[K004] Keamanan: 5
[K005] Fasilitas Toilet: 5
[K006] Fasilitas Parkir: 5

MATRIX KEPUTUSAN AWAL:
ID Alternatif | K001       | K002       | K003       | K004       | K005       | K006       | 
------------------------------------------------------------------------------------------------------------------------
1            | 4.8460     | 4.8880     | 4.9300     | 4.8950     | 4.9300     | 4.9300     | 
2            | 4.8460     | 4.8880     | 4.9300     | 4.8950     | 4.9300     | 4.9300     | 
3            | 4.8460     | 4.8880     | 4.9300     | 4.8950     | 4.9300     | 4.9300     | 
4            | 4.8460     | 4.8880     | 4.9300     | 4.8950     | 4.9300     | 4.9300     | 
5            | 4.8460     | 4.8880     | 4.9300     | 4.8950     | 4.9300     | 4.9300     | 

MATRIX TERNORMALISASI:
ID Alternatif | K001       | K002       | K003       | K004       | K005       | K006       | 
------------------------------------------------------------------------------------------------------------------------
1            | 0.4472     | 0.4472     | 0.4472     | 0.4472     | 0.4472     | 0.4472     | 
2            | 0.4472     | 0.4472     | 0.4472     | 0.4472     | 0.4472     | 0.4472     | 
3            | 0.4472     | 0.4472     | 0.4472     | 0.4472     | 0.4472     | 0.4472     | 
4            | 0.4472     | 0.4472     | 0.4472     | 0.4472     | 0.4472     | 0.4472     | 
5            | 0.4472     | 0.4472     | 0.4472     | 0.4472     | 0.4472     | 0.4472     | 

MATRIX TERNORMALISASI BERBOBOT:
ID Alternatif | K001       | K002       | K003       | K004       | K005       | K006       | 
------------------------------------------------------------------------------------------------------------------------
1            | 0.0894     | 0.0671     | 0.0671     | 0.0894     | 0.0671     | 0.0671     | 
2            | 0.0894     | 0.0671     | 0.0671     | 0.0894     | 0.0671     | 0.0671     | 
3            | 0.0894     | 0.0671     | 0.0671     | 0.0894     | 0.0671     | 0.0671     | 
4            | 0.0894     | 0.0671     | 0.0671     | 0.0894     | 0.0671     | 0.0671     | 
5            | 0.0894     | 0.0671     | 0.0671     | 0.0894     | 0.0671     | 0.0671     | 

SOLUSI IDEAL:
Tipe     | K001       | K002       | K003       | K004       | K005       | K006       | 
------------------------------------------------------------------------------------------------------------------------
Positif  | 0.0894     | 0.0671     | 0.0671     | 0.0894     | 0.0671     | 0.0671     | 
Negatif  | 0.0894     | 0.0671     | 0.0671     | 0.0894     | 0.0671     | 0.0671     | 

JARAK KE SOLUSI IDEAL:
ID Alternatif | Jarak ke Positif | Jarak ke Negatif
------------------------------------------------------------
1            | 0.0000           | 0.0000          
2            | 0.0000           | 0.0000          
3            | 0.0000           | 0.0000          
4            | 0.0000           | 0.0000          
5            | 0.0000           | 0.0000          

NILAI PREFERENSI (SEBELUM NORMALISASI):
ID Alternatif | Nama Wisata | Nilai Preferensi
----------------------------------------------------------------------
5            | Air Panas Lau Sidebuk-Debuk    | 1.000000
4            | Bukit Gundaling                | 0.981818
3            | Air Terjun Sipiso-Piso         | 0.963636
2            | Gunung Sibayak                 | 0.945455
1            | Danau Lau Kawar                | 0.927273

HASIL REKOMENDASI AKHIR:
Peringkat | ID Alternatif | Nama Wisata | Nilai
----------------------------------------------------------------------
1        | 5            | Air Panas Lau Sidebuk-Debuk    | 1.000000
2        | 4            | Bukit Gundaling                | 0.981818
3        | 3            | Air Terjun Sipiso-Piso         | 0.963636

==================================================

==================================================
2025-03-10 07:27:52 - User: Riski
==================================================

ALTERNATIF:
[1] Danau Lau Kawar
[2] Gunung Sibayak
[3] Air Terjun Sipiso-Piso
[4] Bukit Gundaling
[5] Air Panas Lau Sidebuk-Debuk

KRITERIA:
[K001] Kendaraan - Bobot: 0.20 - Jenis: benefit
[K002] Biaya Makan - Bobot: 0.15 - Jenis: cost
[K003] Biaya Fasilitas Penginapan - Bobot: 0.15 - Jenis: cost
[K004] Keamanan - Bobot: 0.20 - Jenis: benefit
[K005] Fasilitas Toilet - Bobot: 0.15 - Jenis: benefit
[K006] Fasilitas Parkir - Bobot: 0.15 - Jenis: benefit

NILAI KRITERIA DARI JAWABAN USER:
[K001] Kendaraan: 5
[K002] Biaya Makan: 5
[K003] Biaya Fasilitas Penginapan: 5
[K004] Keamanan: 5
[K005] Fasilitas Toilet: 5
[K006] Fasilitas Parkir: 5

MATRIX KEPUTUSAN AWAL:
ID Alternatif | K001       | K002       | K003       | K004       | K005       | K006       | 
------------------------------------------------------------------------------------------------------------------------
1            | 4.8950     | 4.9230     | 4.9510     | 4.9300     | 4.9510     | 4.9510     | 
2            | 4.8950     | 4.9230     | 4.9510     | 4.9300     | 4.9510     | 4.9510     | 
3            | 4.8950     | 4.9230     | 4.9510     | 4.9300     | 4.9510     | 4.9510     | 
4            | 4.8950     | 4.9230     | 4.9510     | 4.9300     | 4.9510     | 4.9510     | 
5            | 4.8950     | 4.9230     | 4.9510     | 4.9300     | 4.9510     | 4.9510     | 

MATRIX TERNORMALISASI:
ID Alternatif | K001       | K002       | K003       | K004       | K005       | K006       | 
------------------------------------------------------------------------------------------------------------------------
1            | 0.4472     | 0.4472     | 0.4472     | 0.4472     | 0.4472     | 0.4472     | 
2            | 0.4472     | 0.4472     | 0.4472     | 0.4472     | 0.4472     | 0.4472     | 
3            | 0.4472     | 0.4472     | 0.4472     | 0.4472     | 0.4472     | 0.4472     | 
4            | 0.4472     | 0.4472     | 0.4472     | 0.4472     | 0.4472     | 0.4472     | 
5            | 0.4472     | 0.4472     | 0.4472     | 0.4472     | 0.4472     | 0.4472     | 

MATRIX TERNORMALISASI BERBOBOT:
ID Alternatif | K001       | K002       | K003       | K004       | K005       | K006       | 
------------------------------------------------------------------------------------------------------------------------
1            | 0.0894     | 0.0671     | 0.0671     | 0.0894     | 0.0671     | 0.0671     | 
2            | 0.0894     | 0.0671     | 0.0671     | 0.0894     | 0.0671     | 0.0671     | 
3            | 0.0894     | 0.0671     | 0.0671     | 0.0894     | 0.0671     | 0.0671     | 
4            | 0.0894     | 0.0671     | 0.0671     | 0.0894     | 0.0671     | 0.0671     | 
5            | 0.0894     | 0.0671     | 0.0671     | 0.0894     | 0.0671     | 0.0671     | 

SOLUSI IDEAL:
Tipe     | K001       | K002       | K003       | K004       | K005       | K006       | 
------------------------------------------------------------------------------------------------------------------------
Positif  | 0.0894     | 0.0671     | 0.0671     | 0.0894     | 0.0671     | 0.0671     | 
Negatif  | 0.0894     | 0.0671     | 0.0671     | 0.0894     | 0.0671     | 0.0671     | 

JARAK KE SOLUSI IDEAL:
ID Alternatif | Jarak ke Positif | Jarak ke Negatif
------------------------------------------------------------
1            | 0.0000           | 0.0000          
2            | 0.0000           | 0.0000          
3            | 0.0000           | 0.0000          
4            | 0.0000           | 0.0000          
5            | 0.0000           | 0.0000          

NILAI PREFERENSI (SEBELUM NORMALISASI):
ID Alternatif | Nama Wisata | Nilai Preferensi
----------------------------------------------------------------------
5            | Air Panas Lau Sidebuk-Debuk    | 1.000000
4            | Bukit Gundaling                | 0.981818
3            | Air Terjun Sipiso-Piso         | 0.963636
2            | Gunung Sibayak                 | 0.945455
1            | Danau Lau Kawar                | 0.927273

HASIL REKOMENDASI AKHIR:
Peringkat | ID Alternatif | Nama Wisata | Nilai
----------------------------------------------------------------------
1        | 5            | Air Panas Lau Sidebuk-Debuk    | 1.000000
2        | 4            | Bukit Gundaling                | 0.981818
3        | 3            | Air Terjun Sipiso-Piso         | 0.963636

==================================================

==================================================
2025-03-10 07:35:17 - User: Yaya
==================================================

ALTERNATIF:
[1] Danau Lau Kawar
[2] Gunung Sibayak
[3] Air Terjun Sipiso-Piso
[4] Bukit Gundaling
[5] Air Panas Lau Sidebuk-Debuk

KRITERIA:
[K001] Kendaraan - Bobot: 0.20 - Jenis: benefit
[K002] Biaya Makan - Bobot: 0.15 - Jenis: cost
[K003] Biaya Fasilitas Penginapan - Bobot: 0.15 - Jenis: cost
[K004] Keamanan - Bobot: 0.20 - Jenis: benefit
[K005] Fasilitas Toilet - Bobot: 0.15 - Jenis: benefit
[K006] Fasilitas Parkir - Bobot: 0.15 - Jenis: benefit

NILAI KRITERIA DARI JAWABAN USER:
[K001] Kendaraan: 5
[K002] Biaya Makan: 5
[K003] Biaya Fasilitas Penginapan: 5
[K004] Keamanan: 5
[K005] Fasilitas Toilet: 5
[K006] Fasilitas Parkir: 5

MATRIX KEPUTUSAN AWAL:
ID Alternatif | K001       | K002       | K003       | K004       | K005       | K006       | 
------------------------------------------------------------------------------------------------------------------------
1            | 4.9300     | 4.9440     | 4.9650     | 4.9510     | 4.9650     | 4.9650     | 
2            | 4.9300     | 4.9440     | 4.9650     | 4.9510     | 4.9650     | 4.9650     | 
3            | 4.9300     | 4.9440     | 4.9650     | 4.9510     | 4.9650     | 4.9650     | 
4            | 4.9300     | 4.9440     | 4.9650     | 4.9510     | 4.9650     | 4.9650     | 
5            | 4.9300     | 4.9440     | 4.9650     | 4.9510     | 4.9650     | 4.9650     | 

MATRIX TERNORMALISASI:
ID Alternatif | K001       | K002       | K003       | K004       | K005       | K006       | 
------------------------------------------------------------------------------------------------------------------------
1            | 0.4472     | 0.4472     | 0.4472     | 0.4472     | 0.4472     | 0.4472     | 
2            | 0.4472     | 0.4472     | 0.4472     | 0.4472     | 0.4472     | 0.4472     | 
3            | 0.4472     | 0.4472     | 0.4472     | 0.4472     | 0.4472     | 0.4472     | 
4            | 0.4472     | 0.4472     | 0.4472     | 0.4472     | 0.4472     | 0.4472     | 
5            | 0.4472     | 0.4472     | 0.4472     | 0.4472     | 0.4472     | 0.4472     | 

MATRIX TERNORMALISASI BERBOBOT:
ID Alternatif | K001       | K002       | K003       | K004       | K005       | K006       | 
------------------------------------------------------------------------------------------------------------------------
1            | 0.0894     | 0.0671     | 0.0671     | 0.0894     | 0.0671     | 0.0671     | 
2            | 0.0894     | 0.0671     | 0.0671     | 0.0894     | 0.0671     | 0.0671     | 
3            | 0.0894     | 0.0671     | 0.0671     | 0.0894     | 0.0671     | 0.0671     | 
4            | 0.0894     | 0.0671     | 0.0671     | 0.0894     | 0.0671     | 0.0671     | 
5            | 0.0894     | 0.0671     | 0.0671     | 0.0894     | 0.0671     | 0.0671     | 

SOLUSI IDEAL:
Tipe     | K001       | K002       | K003       | K004       | K005       | K006       | 
------------------------------------------------------------------------------------------------------------------------
Positif  | 0.0894     | 0.0671     | 0.0671     | 0.0894     | 0.0671     | 0.0671     | 
Negatif  | 0.0894     | 0.0671     | 0.0671     | 0.0894     | 0.0671     | 0.0671     | 

JARAK KE SOLUSI IDEAL:
ID Alternatif | Jarak ke Positif | Jarak ke Negatif
------------------------------------------------------------
1            | 0.0000           | 0.0000          
2            | 0.0000           | 0.0000          
3            | 0.0000           | 0.0000          
4            | 0.0000           | 0.0000          
5            | 0.0000           | 0.0000          

NILAI PREFERENSI (SEBELUM NORMALISASI):
ID Alternatif | Nama Wisata | Nilai Preferensi
----------------------------------------------------------------------
5            | Air Panas Lau Sidebuk-Debuk    | 1.000000
4            | Bukit Gundaling                | 0.981818
3            | Air Terjun Sipiso-Piso         | 0.963636
2            | Gunung Sibayak                 | 0.945455
1            | Danau Lau Kawar                | 0.927273

HASIL REKOMENDASI AKHIR:
Peringkat | ID Alternatif | Nama Wisata | Nilai
----------------------------------------------------------------------
1        | 5            | Air Panas Lau Sidebuk-Debuk    | 1.000000
2        | 4            | Bukit Gundaling                | 0.981818
3        | 3            | Air Terjun Sipiso-Piso         | 0.963636

==================================================

==================================================
2025-03-10 07:42:28 - User: Yusuf
==================================================

ALTERNATIF:
[1] Danau Lau Kawar
[2] Gunung Sibayak
[3] Air Terjun Sipiso-Piso
[4] Bukit Gundaling
[5] Air Panas Lau Sidebuk-Debuk

KRITERIA:
[K001] Kendaraan - Bobot: 0.20 - Jenis: benefit
[K002] Biaya Makan - Bobot: 0.15 - Jenis: cost
[K003] Biaya Fasilitas Penginapan - Bobot: 0.15 - Jenis: cost
[K004] Keamanan - Bobot: 0.20 - Jenis: benefit
[K005] Fasilitas Toilet - Bobot: 0.15 - Jenis: benefit
[K006] Fasilitas Parkir - Bobot: 0.15 - Jenis: benefit

NILAI KRITERIA DARI JAWABAN USER:
[K001] Kendaraan: 5
[K002] Biaya Makan: 5
[K003] Biaya Fasilitas Penginapan: 5
[K004] Keamanan: 5
[K005] Fasilitas Toilet: 5
[K006] Fasilitas Parkir: 5

MATRIX KEPUTUSAN AWAL:
ID Alternatif | K001       | K002       | K003       | K004       | K005       | K006       | 
------------------------------------------------------------------------------------------------------------------------
1            | 4.9510     | 4.9580     | 4.9790     | 4.9650     | 4.9790     | 4.9790     | 
2            | 4.9510     | 4.9580     | 4.9790     | 4.9650     | 4.9790     | 4.9790     | 
3            | 4.9510     | 4.9580     | 4.9790     | 4.9650     | 4.9790     | 4.9790     | 
4            | 4.9510     | 4.9580     | 4.9790     | 4.9650     | 4.9790     | 4.9790     | 
5            | 4.9510     | 4.9580     | 4.9790     | 4.9650     | 4.9790     | 4.9790     | 

MATRIX TERNORMALISASI:
ID Alternatif | K001       | K002       | K003       | K004       | K005       | K006       | 
------------------------------------------------------------------------------------------------------------------------
1            | 0.4472     | 0.4472     | 0.4472     | 0.4472     | 0.4472     | 0.4472     | 
2            | 0.4472     | 0.4472     | 0.4472     | 0.4472     | 0.4472     | 0.4472     | 
3            | 0.4472     | 0.4472     | 0.4472     | 0.4472     | 0.4472     | 0.4472     | 
4            | 0.4472     | 0.4472     | 0.4472     | 0.4472     | 0.4472     | 0.4472     | 
5            | 0.4472     | 0.4472     | 0.4472     | 0.4472     | 0.4472     | 0.4472     | 

MATRIX TERNORMALISASI BERBOBOT:
ID Alternatif | K001       | K002       | K003       | K004       | K005       | K006       | 
------------------------------------------------------------------------------------------------------------------------

SOLUSI IDEAL:
Tipe     | K001       | K002       | K003       | K004       | K005       | K006       | 
------------------------------------------------------------------------------------------------------------------------
Positif  | 0.0894     | 0.0671     | 0.0671     | 0.0894     | 0.0671     | 0.0671     | 
Negatif  | 0.0894     | 0.0671     | 0.0671     | 0.0894     | 0.0671     | 0.0671     | 

JARAK KE SOLUSI IDEAL:
ID Alternatif | Jarak ke Positif | Jarak ke Negatif
------------------------------------------------------------
1            | 0.0000           | 0.0000          
2            | 0.0000           | 0.0000          
3            | 0.0000           | 0.0000          
4            | 0.0000           | 0.0000          
5            | 0.0000           | 0.0000          

NILAI PREFERENSI (SEBELUM NORMALISASI):
ID Alternatif | Nama Wisata | Nilai Preferensi
----------------------------------------------------------------------
5            | Air Panas Lau Sidebuk-Debuk    | 1.000000
4            | Bukit Gundaling                | 0.981818
3            | Air Terjun Sipiso-Piso         | 0.963636
2            | Gunung Sibayak                 | 0.945455
1            | Danau Lau Kawar                | 0.927273

HASIL REKOMENDASI AKHIR:
Peringkat | ID Alternatif | Nama Wisata | Nilai
----------------------------------------------------------------------
1        | 5            | Air Panas Lau Sidebuk-Debuk    | 1.000000
2        | 4            | Bukit Gundaling                | 0.981818
3        | 3            | Air Terjun Sipiso-Piso         | 0.963636

==================================================

==================================================
2025-03-10 08:39:21 - User: Puspa
==================================================

ALTERNATIF:
[1] Danau Lau Kawar
[2] Gunung Sibayak
[3] Air Terjun Sipiso-Piso
[4] Bukit Gundaling
[5] Air Panas Lau Sidebuk-Debuk

KRITERIA:
[K001] Kendaraan - Bobot: 0.20 - Jenis: benefit
[K002] Biaya Makan - Bobot: 0.15 - Jenis: cost
[K003] Biaya Fasilitas Penginapan - Bobot: 0.15 - Jenis: cost
[K004] Keamanan - Bobot: 0.20 - Jenis: benefit
[K005] Fasilitas Toilet - Bobot: 0.15 - Jenis: benefit
[K006] Fasilitas Parkir - Bobot: 0.15 - Jenis: benefit

NILAI KRITERIA DARI JAWABAN USER:
[K001] Kendaraan: 5
[K002] Biaya Makan: 5
[K003] Biaya Fasilitas Penginapan: 5
[K004] Keamanan: 5
[K005] Fasilitas Toilet: 5
[K006] Fasilitas Parkir: 5

MATRIX KEPUTUSAN AWAL:
ID Alternatif | K001       | K002       | K003       | K004       | K005       | K006       | 
------------------------------------------------------------------------------------------------------------------------
1            | 4.1558     | 4.9916     | 4.0634     | 4.9920     | 4.7984     | 4.3574     | 
2            | 4.1068     | 4.3546     | 4.4554     | 4.6980     | 4.4554     | 4.1124     | 
3            | 4.4498     | 4.6486     | 4.7984     | 4.6000     | 4.1124     | 4.7984     | 
4            | 4.0088     | 4.2076     | 4.4554     | 4.4040     | 4.5044     | 4.5044     | 
5            | 4.8908     | 4.8936     | 4.9944     | 4.6490     | 4.9944     | 4.7004     | 

MATRIX TERNORMALISASI:
ID Alternatif | K001       | K002       | K003       | K004       | K005       | K006       | 
------------------------------------------------------------------------------------------------------------------------
1            | 0.4288     | 0.4822     | 0.3981     | 0.4778     | 0.4682     | 0.4329     | 
2            | 0.4237     | 0.4207     | 0.4365     | 0.4497     | 0.4348     | 0.4086     | 
3            | 0.4591     | 0.4491     | 0.4701     | 0.4403     | 0.4013     | 0.4767     | 
4            | 0.4136     | 0.4065     | 0.4365     | 0.4215     | 0.4395     | 0.4475     | 
5            | 0.5046     | 0.4728     | 0.4893     | 0.4450     | 0.4874     | 0.4670     | 

MATRIX TERNORMALISASI BERBOBOT:
ID Alternatif | K001       | K002       | K003       | K004       | K005       | K006       | 
------------------------------------------------------------------------------------------------------------------------
1            | 0.0858     | 0.0723     | 0.0597     | 0.0956     | 0.0702     | 0.0649     | 
2            | 0.0847     | 0.0631     | 0.0655     | 0.0899     | 0.0652     | 0.0613     | 
3            | 0.0918     | 0.0674     | 0.0705     | 0.0881     | 0.0602     | 0.0715     | 
4            | 0.0827     | 0.0610     | 0.0655     | 0.0843     | 0.0659     | 0.0671     | 
5            | 0.1009     | 0.0709     | 0.0734     | 0.0890     | 0.0731     | 0.0700     | 

SOLUSI IDEAL:
Tipe     | K001       | K002       | K003       | K004       | K005       | K006       | 
------------------------------------------------------------------------------------------------------------------------
Positif  | 0.1009     | 0.0610     | 0.0597     | 0.0956     | 0.0731     | 0.0715     | 
Negatif  | 0.0827     | 0.0723     | 0.0734     | 0.0843     | 0.0602     | 0.0613     | 

JARAK KE SOLUSI IDEAL:
ID Alternatif | Jarak ke Positif | Jarak ke Negatif
------------------------------------------------------------
1            | 0.0203           | 0.0209          
2            | 0.0223           | 0.0145          
3            | 0.0215           | 0.0153          
4            | 0.0237           | 0.0161          
5            | 0.0182           | 0.0245          

NILAI PREFERENSI (SEBELUM NORMALISASI):
ID Alternatif | Nama Wisata | Nilai Preferensi
----------------------------------------------------------------------
5            | Air Panas Lau Sidebuk-Debuk    | 1.000000
1            | Danau Lau Kawar                | 0.885629
3            | Air Terjun Sipiso-Piso         | 0.724824
4            | Bukit Gundaling                | 0.705099
2            | Gunung Sibayak                 | 0.685526

HASIL REKOMENDASI AKHIR:
Peringkat | ID Alternatif | Nama Wisata | Nilai
----------------------------------------------------------------------
1        | 5            | Air Panas Lau Sidebuk-Debuk    | 1.000000
2        | 1            | Danau Lau Kawar                | 0.885629
3        | 3            | Air Terjun Sipiso-Piso         | 0.724824

==================================================

