==================================================
2025-03-12 18:56:01 - User: Surya
==================================================

ALTERNATIF:
[1] Danau Lau Kawar
[2] Gunung Sibayak
[3] Air Terjun Sipiso-Piso
[4] Bukit Gundaling
[5] Air Panas Lau Sidebuk-Debuk

KRITERIA:
[K001] Kendaraan - Bobot: 0.20 - Jenis: benefit
[K002] Biaya Makan - Bobot: 0.15 - Jenis: cost
[K003] Biaya Fasilitas Penginapan - Bobot: 0.15 - Jenis: cost
[K004] Keamanan - Bobot: 0.20 - Jenis: benefit
[K005] Fasilitas Toilet - Bobot: 0.15 - Jenis: benefit
[K006] Fasilitas Parkir - Bobot: 0.15 - Jenis: benefit

NILAI KRITERIA DARI JAWABAN USER:
[K001] Kendaraan: 5
[K002] Biaya Makan: 5
[K003] Biaya Fasilitas Penginapan: 5
[K004] Keamanan: 5
[K005] Fasilitas Toilet: 5
[K006] Fasilitas Parkir: 5

MATRIX KEPUTUSAN AWAL:
ID Alternatif | K001       | K002       | K003       | K004       | K005       | K006       | 
------------------------------------------------------------------------------------------------------------------------
1            | 4.9650     | 4.9738     | 4.9825     | 4.9750     | 4.9825     | 4.9825     | 
2            | 4.9650     | 4.9738     | 4.9825     | 4.9750     | 4.9825     | 4.9825     | 
3            | 4.9650     | 4.9738     | 4.9825     | 4.9750     | 4.9825     | 4.9825     | 
4            | 4.9650     | 4.9738     | 4.9825     | 4.9750     | 4.9825     | 4.9825     | 
5            | 4.9650     | 4.9738     | 4.9825     | 4.9750     | 4.9825     | 4.9825     | 

MATRIX TERNORMALISASI:
ID Alternatif | K001       | K002       | K003       | K004       | K005       | K006       | 
------------------------------------------------------------------------------------------------------------------------
1            | 0.4472     | 0.4472     | 0.4472     | 0.4472     | 0.4472     | 0.4472     | 
2            | 0.4472     | 0.4472     | 0.4472     | 0.4472     | 0.4472     | 0.4472     | 
3            | 0.4472     | 0.4472     | 0.4472     | 0.4472     | 0.4472     | 0.4472     | 
4            | 0.4472     | 0.4472     | 0.4472     | 0.4472     | 0.4472     | 0.4472     | 
5            | 0.4472     | 0.4472     | 0.4472     | 0.4472     | 0.4472     | 0.4472     | 

MATRIX TERNORMALISASI BERBOBOT:
ID Alternatif | K001       | K002       | K003       | K004       | K005       | K006       | 
------------------------------------------------------------------------------------------------------------------------
1            | 0.0894     | 0.0671     | 0.0671     | 0.0894     | 0.0671     | 0.0671     | 
2            | 0.0894     | 0.0671     | 0.0671     | 0.0894     | 0.0671     | 0.0671     | 
3            | 0.0894     | 0.0671     | 0.0671     | 0.0894     | 0.0671     | 0.0671     | 
4            | 0.0894     | 0.0671     | 0.0671     | 0.0894     | 0.0671     | 0.0671     | 
5            | 0.0894     | 0.0671     | 0.0671     | 0.0894     | 0.0671     | 0.0671     | 

SOLUSI IDEAL:
Tipe     | K001       | K002       | K003       | K004       | K005       | K006       | 
------------------------------------------------------------------------------------------------------------------------
Positif  | 0.0894     | 0.0671     | 0.0671     | 0.0894     | 0.0671     | 0.0671     | 
Negatif  | 0.0894     | 0.0671     | 0.0671     | 0.0894     | 0.0671     | 0.0671     | 

JARAK KE SOLUSI IDEAL:
ID Alternatif | Jarak ke Positif | Jarak ke Negatif
------------------------------------------------------------
1            | 0.0000           | 0.0000          
2            | 0.0000           | 0.0000          
3            | 0.0000           | 0.0000          
4            | 0.0000           | 0.0000          
5            | 0.0000           | 0.0000          

NILAI PREFERENSI (SEBELUM NORMALISASI):
ID Alternatif | Nama Wisata | Nilai Preferensi
----------------------------------------------------------------------
5            | Air Panas Lau Sidebuk-Debuk    | 1.000000
4            | Bukit Gundaling                | 0.981818
3            | Air Terjun Sipiso-Piso         | 0.963636
2            | Gunung Sibayak                 | 0.945455
1            | Danau Lau Kawar                | 0.927273

HASIL REKOMENDASI AKHIR:
Peringkat | ID Alternatif | Nama Wisata | Nilai
----------------------------------------------------------------------
1        | 5            | Air Panas Lau Sidebuk-Debuk    | 1.000000
2        | 4            | Bukit Gundaling                | 0.981818
3        | 3            | Air Terjun Sipiso-Piso         | 0.963636

==================================================

==================================================
2025-03-12 19:19:35 - User: Muntaz
==================================================

ALTERNATIF:
[1] Danau Lau Kawar
[2] Gunung Sibayak
[3] Air Terjun Sipiso-Piso
[4] Bukit Gundaling
[5] Air Panas Lau Sidebuk-Debuk

KRITERIA:
[K001] Kendaraan - Bobot: 0.20 - Jenis: benefit
[K002] Biaya Makan - Bobot: 0.15 - Jenis: cost
[K003] Biaya Fasilitas Penginapan - Bobot: 0.15 - Jenis: cost
[K004] Keamanan - Bobot: 0.20 - Jenis: benefit
[K005] Fasilitas Toilet - Bobot: 0.15 - Jenis: benefit
[K006] Fasilitas Parkir - Bobot: 0.15 - Jenis: benefit

NILAI KRITERIA DARI JAWABAN USER:
[K001] Kendaraan: 5
[K002] Biaya Makan: 5
[K003] Biaya Fasilitas Penginapan: 5
[K004] Keamanan: 5
[K005] Fasilitas Toilet: 5
[K006] Fasilitas Parkir: 5

MATRIX KEPUTUSAN AWAL:
ID Alternatif | K001       | K002       | K003       | K004       | K005       | K006       | 
------------------------------------------------------------------------------------------------------------------------
1            | 3.6000     | 3.6000     | 3.6000     | 3.6000     | 3.6000     | 3.6000     | 
2            | 3.6000     | 3.6000     | 3.6000     | 3.6000     | 3.6000     | 3.6000     | 
3            | 3.6000     | 3.6000     | 3.6000     | 3.6000     | 3.6000     | 3.6000     | 
4            | 3.6000     | 3.6000     | 3.6000     | 3.6000     | 3.6000     | 3.6000     | 
5            | 3.6000     | 3.6000     | 3.6000     | 3.6000     | 3.6000     | 3.6000     | 

MATRIX TERNORMALISASI:
ID Alternatif | K001       | K002       | K003       | K004       | K005       | K006       | 
------------------------------------------------------------------------------------------------------------------------
1            | 0.4472     | 0.4472     | 0.4472     | 0.4472     | 0.4472     | 0.4472     | 
2            | 0.4472     | 0.4472     | 0.4472     | 0.4472     | 0.4472     | 0.4472     | 
3            | 0.4472     | 0.4472     | 0.4472     | 0.4472     | 0.4472     | 0.4472     | 
4            | 0.4472     | 0.4472     | 0.4472     | 0.4472     | 0.4472     | 0.4472     | 
5            | 0.4472     | 0.4472     | 0.4472     | 0.4472     | 0.4472     | 0.4472     | 

MATRIX TERNORMALISASI BERBOBOT:
ID Alternatif | K001       | K002       | K003       | K004       | K005       | K006       | 
------------------------------------------------------------------------------------------------------------------------
1            | 0.0894     | 0.0671     | 0.0671     | 0.0894     | 0.0671     | 0.0671     | 
2            | 0.0894     | 0.0671     | 0.0671     | 0.0894     | 0.0671     | 0.0671     | 
3            | 0.0894     | 0.0671     | 0.0671     | 0.0894     | 0.0671     | 0.0671     | 
4            | 0.0894     | 0.0671     | 0.0671     | 0.0894     | 0.0671     | 0.0671     | 
5            | 0.0894     | 0.0671     | 0.0671     | 0.0894     | 0.0671     | 0.0671     | 

SOLUSI IDEAL:
Tipe     | K001       | K002       | K003       | K004       | K005       | K006       | 
------------------------------------------------------------------------------------------------------------------------
Positif  | 0.0894     | 0.0671     | 0.0671     | 0.0894     | 0.0671     | 0.0671     | 
Negatif  | 0.0894     | 0.0671     | 0.0671     | 0.0894     | 0.0671     | 0.0671     | 

JARAK KE SOLUSI IDEAL:
ID Alternatif | Jarak ke Positif | Jarak ke Negatif
------------------------------------------------------------
1            | 0.0000           | 0.0000          
2            | 0.0000           | 0.0000          
3            | 0.0000           | 0.0000          
4            | 0.0000           | 0.0000          
5            | 0.0000           | 0.0000          

NILAI PREFERENSI (SEBELUM NORMALISASI):
ID Alternatif | Nama Wisata | Nilai Preferensi
----------------------------------------------------------------------
5            | Air Panas Lau Sidebuk-Debuk    | 1.000000
4            | Bukit Gundaling                | 0.981818
3            | Air Terjun Sipiso-Piso         | 0.963636
2            | Gunung Sibayak                 | 0.945455
1            | Danau Lau Kawar                | 0.927273

HASIL REKOMENDASI AKHIR:
Peringkat | ID Alternatif | Nama Wisata | Nilai
----------------------------------------------------------------------
1        | 5            | Air Panas Lau Sidebuk-Debuk    | 1.000000
2        | 4            | Bukit Gundaling                | 0.981818
3        | 3            | Air Terjun Sipiso-Piso         | 0.963636

==================================================

==================================================
2025-03-12 19:28:43 - User: Wahyu
==================================================

ALTERNATIF:
[1] Danau Lau Kawar
[2] Gunung Sibayak
[3] Air Terjun Sipiso-Piso
[4] Bukit Gundaling
[5] Air Panas Lau Sidebuk-Debuk

KRITERIA:
[K001] Kendaraan - Bobot: 0.20 - Jenis: benefit
[K002] Biaya Makan - Bobot: 0.15 - Jenis: cost
[K003] Biaya Fasilitas Penginapan - Bobot: 0.15 - Jenis: cost
[K004] Keamanan - Bobot: 0.20 - Jenis: benefit
[K005] Fasilitas Toilet - Bobot: 0.15 - Jenis: benefit
[K006] Fasilitas Parkir - Bobot: 0.15 - Jenis: benefit

NILAI KRITERIA DARI JAWABAN USER:
[K001] Kendaraan: 5
[K002] Biaya Makan: 5
[K003] Biaya Fasilitas Penginapan: 5
[K004] Keamanan: 5
[K005] Fasilitas Toilet: 5
[K006] Fasilitas Parkir: 5

MATRIX KEPUTUSAN AWAL:
ID Alternatif | K001       | K002       | K003       | K004       | K005       | K006       | 
------------------------------------------------------------------------------------------------------------------------
1            | 4.3000     | 3.6875     | 3.6875     | 4.3000     | 4.2125     | 4.2125     | 
2            | 4.6500     | 4.0375     | 4.0375     | 4.6500     | 4.5625     | 4.5625     | 
3            | 5.0000     | 4.3875     | 4.3875     | 5.0000     | 4.9125     | 4.9125     | 
4            | 5.0000     | 4.7375     | 4.7375     | 5.0000     | 5.0000     | 5.0000     | 
5            | 3.9500     | 3.3375     | 3.3375     | 3.9500     | 3.8625     | 3.8625     | 

MATRIX TERNORMALISASI:
ID Alternatif | K001       | K002       | K003       | K004       | K005       | K006       | 
------------------------------------------------------------------------------------------------------------------------
1            | 0.4182     | 0.4054     | 0.4054     | 0.4182     | 0.4159     | 0.4159     | 
2            | 0.4523     | 0.4439     | 0.4439     | 0.4523     | 0.4504     | 0.4504     | 
3            | 0.4863     | 0.4824     | 0.4824     | 0.4863     | 0.4850     | 0.4850     | 
4            | 0.4863     | 0.5208     | 0.5208     | 0.4863     | 0.4936     | 0.4936     | 
5            | 0.3842     | 0.3669     | 0.3669     | 0.3842     | 0.3813     | 0.3813     | 

MATRIX TERNORMALISASI BERBOBOT:
ID Alternatif | K001       | K002       | K003       | K004       | K005       | K006       | 
------------------------------------------------------------------------------------------------------------------------
1            | 0.0836     | 0.0608     | 0.0608     | 0.0836     | 0.0624     | 0.0624     | 
2            | 0.0905     | 0.0666     | 0.0666     | 0.0905     | 0.0676     | 0.0676     | 
3            | 0.0973     | 0.0724     | 0.0724     | 0.0973     | 0.0727     | 0.0727     | 
4            | 0.0973     | 0.0781     | 0.0781     | 0.0973     | 0.0740     | 0.0740     | 
5            | 0.0768     | 0.0550     | 0.0550     | 0.0768     | 0.0572     | 0.0572     | 

SOLUSI IDEAL:
Tipe     | K001       | K002       | K003       | K004       | K005       | K006       | 
------------------------------------------------------------------------------------------------------------------------
Positif  | 0.0973     | 0.0550     | 0.0550     | 0.0973     | 0.0740     | 0.0740     | 
Negatif  | 0.0768     | 0.0781     | 0.0781     | 0.0768     | 0.0572     | 0.0572     | 

JARAK KE SOLUSI IDEAL:
ID Alternatif | Jarak ke Positif | Jarak ke Negatif
------------------------------------------------------------
1            | 0.0266           | 0.0273          
2            | 0.0211           | 0.0292          
3            | 0.0246           | 0.0372          
4            | 0.0327           | 0.0374          
5            | 0.0374           | 0.0327          

NILAI PREFERENSI (SEBELUM NORMALISASI):
ID Alternatif | Nama Wisata | Nilai Preferensi
----------------------------------------------------------------------
3            | Air Terjun Sipiso-Piso         | 1.000000
2            | Gunung Sibayak                 | 0.964479
4            | Bukit Gundaling                | 0.886700
1            | Danau Lau Kawar                | 0.840457
5            | Air Panas Lau Sidebuk-Debuk    | 0.773284

HASIL REKOMENDASI AKHIR:
Peringkat | ID Alternatif | Nama Wisata | Nilai
----------------------------------------------------------------------
1        | 3            | Air Terjun Sipiso-Piso         | 1.000000
2        | 2            | Gunung Sibayak                 | 0.964479
3        | 4            | Bukit Gundaling                | 0.886700

==================================================

